 2026-04-01 11:39:36:[logs.print_system_log:44]  Log Level: DEBUG
 2026-04-01 11:39:36:[logs.print_system_log:45]  Output Level: NORMAL
 2026-04-01 11:39:36:[logs.print_system_log:46]  Discord Level: OFF
 2026-04-01 11:39:36:[logs.print_system_log:47]  version: 3.14.7
 2026-04-01 11:39:36:[logs.print_system_log:48]  macOS-26.3.1-arm64-arm-64bit
 2026-04-01 11:39:36:[logs.print_system_log:49]  config path: /Users/{home_directory}/.config/ofscraper/config.json
 2026-04-01 11:39:36:[logs.print_system_log:50]  profile path: /Users/{home_directory}/.config/ofscraper/main_profile
 2026-04-01 11:39:36:[logs.print_system_log:51]  log folder: /Users/{home_directory}/.config/ofscraper/logging
 2026-04-01 11:39:36:[logs.print_system_log:52]  ssl DefaultVerifyPaths(cafile='/opt/homebrew/Caskroom/miniconda/base/ssl/cert.pem', capath='/opt/homebrew/Caskroom/miniconda/base/ssl/certs', openssl_cafile_env='SSL_CERT_FILE', openssl_cafile='/opt/homebrew/Caskroom/miniconda/base/ssl/cert.pem', openssl_capath_env='SSL_CERT_DIR', openssl_capath='/opt/homebrew/Caskroom/miniconda/base/ssl/certs')
 2026-04-01 11:39:36:[logs.print_system_log:53]  python version 3.12.2
 2026-04-01 11:39:36:[logs.print_system_log:54]  certifi /Users/{home_directory}/.local/share/uv/tools/ofscraper/lib/python3.12/site-packages/certifi/cacert.pem
 2026-04-01 11:39:36:[logs.print_system_log:55]  number of threads available on system 8
 2026-04-01 11:39:36:[logs.print_args:61]  {'config': None, 'profile': None, 'env_files': (), 'output_level': 'NORMAL', 'no_rich': False, 'discord_level': 'OFF', 'log_level': None, 'no_auto_resume': False, 'downloadbars': False, 'download_sem': None, 'download_limit': None, 'quality': None, 'mediatypes': [], 'size_max': None, 'size_min': None, 'length_max': None, 'length_min': None, 'media_id': [], 'max_count': 0, 'mediasort': None, 'media_desc': False, 'force_all': False, 'force_model_unique': False, 'before_original': None, 'before': <Arrow [2026-04-05T11:38:27.095817-07:00]>, 'after': None, 'redownload': False, 'original': False, 'space_replacer': None, 'textlength': None, 'text_type': 'word', 'posts': [], 'download_area': [], 'like_area': [], 'download_type': None, 'post_id': [], 'post_sort': 'date', 'post_desc': False, 'filter': ['.*'], 'neg_filter': [], 'label': [], 'mass_msg': None, 'timed_only': None, 'scrape_paid': False, 'text': False, 'text_only': False, 'actions': [], 'daemon': None, 'usernames': [], 'excluded_username': [], 'userlist': [], 'blacklist': [], 'current_price': None, 'renewal_price': None, 'regular_price': None, 'promo_price': None, 'last_seen': None, 'free_trial': None, 'promo': None, 'all_promo': None, 'sub_status': None, 'renewal': None, 'promo_price_min': None, 'promo_price_max': None, 'regular_price_min': None, 'regular_price_max': None, 'current_price_min': None, 'current_price_max': None, 'renewal_price_min': None, 'renewal_price_max': None, 'last_seen_before': None, 'last_seen_after': None, 'expired_after': None, 'expired_before': None, 'subscribed_after': None, 'subscribed_before': None, 'sort': 'name', 'desc': False, 'users_first': False, 'username_search': None, 'after_action_script': None, 'naming_script': None, 'post_script': None, 'after_download_script': None, 'skip_download_script': None, 'no_cache': False, 'no_api_cache': False, 'key_mode': None, 'private_key': None, 'client_id': None, 'dynamic_rules': None, 'update_profile': False, 'auth_fail': False, 'command': 'OF-Scraper'}
 2026-04-01 11:39:36:[logs.print_config:67]  {'main_profile': 'main_profile', 'metadata': '{configpath}/{profile}/.data/{model_id}', 'discord': '', 'file_options': {'save_location': '/Users/{home_directory}/Data/ofscraper', 'dir_format': '{model_username}/{responsetype}/{mediatype}/', 'file_format': '{filename}.{ext}', 'textlength': 0, 'space_replacer': ' ', 'date': 'MM-DD-YYYY', 'text_type_default': 'letter', 'truncation_default': True}, 'download_options': {'filter': ['Images', 'Audios', 'Videos'], 'auto_resume': True, 'system_free_min': 0, 'max_post_count': 0, 'verify_all_integrity': False}, 'binary_options': {'ffmpeg': ''}, 'cdm_options': {'private-key': None, 'client-id': None, 'key-mode-default': 'cdrm'}, 'performance_options': {'download_sems': 6, 'download_limit': 0}, 'content_filter_options': {'block_ads': False, 'file_size_max': 0, 'file_size_min': 0, 'length_max': 0, 'length_min': 0}, 'advanced_options': {'dynamic-mode-default': 'digital', 'skip_unavailable_content': True, 'downloadbars': False, 'cache-mode': 'sqlite', 'rotate_logs': True, 'sanitize_text': False, 'temp_dir': None, 'remove_hash_match': None, 'infinite_loop_action_mode': False, 'incremental_downloads': True, 'default_user_list': 'main', 'default_black_list': [], 'logs_expire_time': 0, 'ssl_verify': 'custom', 'env_files': []}, 'script_options': {'after_action_script': None, 'post_script': None, 'naming_script': None, 'after_download_script': None, 'skip_download_script': None}, 'responsetype': {'timeline': 'Posts', 'message': 'Messages', 'archived': 'Archived', 'paid': 'Messages', 'stories': 'Stories', 'highlights': 'Stories', 'profile': 'Profile', 'pinned': 'Posts', 'streams': 'Streams'}}
 2026-04-01 11:39:36:[logs.print_latest_version:98]  OF-Scraper up to date
 2026-04-01 11:40:00:[network.check_cdm:44]   cdm status: 404
 2026-04-01 11:40:00:[network.check_cdm:45]    cdm text : <!doctype html>
<html lang=en>
<title>404 Not Found</title>
<h1>Not Found</h1>
<p>The requested URL was not found on the server. If you entered the URL manually please check your spelling and try again.</p>

 2026-04-01 11:40:00:[network.check_cdm:46]    cdm headers : Headers([('server', 'nginx/1.24.0 (Ubuntu)'), ('date', 'Wed, 01 Apr 2026 18:40:00 GMT'), ('content-type', 'text/html; charset=utf-8'), ('transfer-encoding', 'chunked'), ('connection', 'keep-alive'), ('access-control-allow-origin', '*'), ('server', 'https://github.com/devine-dl/pywidevine serve v1.8.0'), ('server', 'playready serve'), ('content-encoding', 'gzip')])
 2026-04-01 11:40:04:[menu.main_menu_action:32]   Running Prompt Menu Mode
